example/build/app/intermediates/manifest_merge_blame_file/debug/manifest-merger-blame-debug-report.txt
1<?xml version="1.0" encoding="utf-8"?>
2<manifest xmlns:android="http://schemas.android.com/apk/res/android"
3    package="io.flutter.plugins.cameraexample"
4    android:versionCode="1"
5    android:versionName="1.0" >
6
7    <uses-sdk
8        android:minSdkVersion="21"
8-->src/main/AndroidManifest.xml
9        android:targetSdkVersion="28" />
9-->src/main/AndroidManifest.xml
10
11    <uses-feature
11-->src/main/AndroidManifest.xml:22:3-24:30
12        android:name="android.hardware.camera"
12-->src/main/AndroidManifest.xml:23:5-43
13        android:required="true" />
13-->src/main/AndroidManifest.xml:24:5-28
14
15    <uses-permission android:name="android.permission.INTERNET" />
15-->src/main/AndroidManifest.xml:26:3-64
15-->src/main/AndroidManifest.xml:26:20-62
16    <uses-permission android:name="android.permission.RECORD_AUDIO" />
16-->src/main/AndroidManifest.xml:27:3-68
16-->src/main/AndroidManifest.xml:27:20-66
17    <uses-permission android:name="android.permission.FLASHLIGHT" />
17-->src/main/AndroidManifest.xml:28:3-66
17-->src/main/AndroidManifest.xml:28:20-64
18    <uses-permission android:name="android.permission.CAMERA" />
18-->src/main/AndroidManifest.xml:29:3-63
18-->src/main/AndroidManifest.xml:29:20-60
19    <uses-permission android:name="android.permission.READ_EXTERNAL_STORAGE" />
19-->src/main/AndroidManifest.xml:30:3-78
19-->src/main/AndroidManifest.xml:30:20-75
20    <uses-permission android:name="android.permission.ACCESS_NETWORK_STATE" />
20-->[com.google.android.exoplayer:exoplayer-core:2.14.1] AndroidManifest.xml:24:5-79
20-->[com.google.android.exoplayer:exoplayer-core:2.14.1] AndroidManifest.xml:24:22-76
21
22    <application
22-->src/main/AndroidManifest.xml:4:3-20:17
23        android:appComponentFactory="androidx.core.app.CoreComponentFactory"
23-->[androidx.core:core:1.1.0] AndroidManifest.xml:24:18-86
24        android:debuggable="true"
25        android:icon="@mipmap/ic_launcher"
25-->src/main/AndroidManifest.xml:5:5-39
26        android:label="camera_example"
26-->src/main/AndroidManifest.xml:6:5-35
27        android:testOnly="true" >
28        <activity
28-->src/main/AndroidManifest.xml:7:5-18:16
29            android:name="io.flutter.embedding.android.FlutterActivity"
29-->src/main/AndroidManifest.xml:11:7-66
30            android:configChanges="orientation|keyboardHidden|keyboard|screenSize|locale|layoutDirection"
30-->src/main/AndroidManifest.xml:8:7-100
31            android:hardwareAccelerated="true"
31-->src/main/AndroidManifest.xml:9:7-41
32            android:launchMode="singleTop"
32-->src/main/AndroidManifest.xml:10:7-37
33            android:theme="@style/LaunchTheme"
33-->src/main/AndroidManifest.xml:12:7-41
34            android:windowSoftInputMode="adjustResize" >
34-->src/main/AndroidManifest.xml:13:7-49
35            <intent-filter>
35-->src/main/AndroidManifest.xml:14:7-17:23
36                <action android:name="android.intent.action.MAIN" />
36-->src/main/AndroidManifest.xml:15:9-60
36-->src/main/AndroidManifest.xml:15:17-58
37
38                <category android:name="android.intent.category.LAUNCHER" />
38-->src/main/AndroidManifest.xml:16:9-68
38-->src/main/AndroidManifest.xml:16:19-66
39            </intent-filter>
40        </activity>
41
42        <meta-data
42-->src/main/AndroidManifest.xml:19:5-67
43            android:name="flutterEmbedding"
43-->src/main/AndroidManifest.xml:19:16-47
44            android:value="2" />
44-->src/main/AndroidManifest.xml:19:48-65
45    </application>
46
47</manifest>